--------------------
./configure
2013年 07月 02日 星期二 16:53:26 CST
Checking for gcc...
=== ztest21151.c ===
extern int getchar();
int hello() {return getchar();}
===
gcc -c ztest21151.c
... using gcc

Checking for obsessive-compulsive compiler options...
=== ztest21151.c ===
int foo() { return 0; }
===
gcc -c -O3 ztest21151.c

Checking for shared library support...
=== ztest21151.c ===
extern int getchar();
int hello() {return getchar();}
===
gcc -w -c -O3 -fPIC ztest21151.c
gcc -shared -Wl,-soname,libz.so.1,--version-script,zlib.map -O3 -fPIC -o ztest21151.so ztest21151.o
/usr/bin/ld: unable to find version dependency `ZLIB_1.2.7'
collect2: 错误： ld 返回 1
(exit code 1)
No shared library support.
Building static library libz.a version 1.2.7.1-motley with gcc.

=== ztest21151.c ===
#include <sys/types.h>
off64_t dummy = 0;
===
gcc -c -O3 -D_LARGEFILE64_SOURCE=1 ztest21151.c
Checking for off64_t... Yes.
Checking for fseeko... Yes.

=== ztest21151.c ===
#include <string.h>
#include <errno.h>
int main() { return strlen(strerror(errno)); }
===
gcc -O3 -D_LARGEFILE64_SOURCE=1 -o ztest21151 ztest21151.c
Checking for strerror... Yes.

=== ztest21151.c ===
#include <unistd.h>
int main() { return 0; }
===
gcc -c -O3 -D_LARGEFILE64_SOURCE=1 ztest21151.c
Checking for unistd.h... Yes.

=== ztest21151.c ===
#include <stdarg.h>
int main() { return 0; }
===
gcc -c -O3 -D_LARGEFILE64_SOURCE=1 ztest21151.c
Checking for stdarg.h... Yes.

=== ztest21151.c ===
#include <stdio.h>
#include <stdarg.h>
#include "zconf.h"
int main()
{
#ifndef STDC
  choke me
#endif
  return 0;
}
===
gcc -c -O3 -D_LARGEFILE64_SOURCE=1 ztest21151.c
Checking whether to use vs[n]printf() or s[n]printf()... using vs[n]printf().

=== ztest21151.c ===
#include <stdio.h>
#include <stdarg.h>
int mytest(const char *fmt, ...)
{
  char buf[20];
  va_list ap;
  va_start(ap, fmt);
  vsnprintf(buf, sizeof(buf), fmt, ap);
  va_end(ap);
  return 0;
}
int main()
{
  return (mytest("Hello%d\n", 1));
}
===
gcc -O3 -D_LARGEFILE64_SOURCE=1 -o ztest21151 ztest21151.c
Checking for vsnprintf() in stdio.h... Yes.

=== ztest21151.c ===
#include <stdio.h>
#include <stdarg.h>
int mytest(const char *fmt, ...)
{
  int n;
  char buf[20];
  va_list ap;
  va_start(ap, fmt);
  n = vsnprintf(buf, sizeof(buf), fmt, ap);
  va_end(ap);
  return n;
}
int main()
{
  return (mytest("Hello%d\n", 1));
}
===
gcc -c -O3 -D_LARGEFILE64_SOURCE=1 ztest21151.c
Checking for return value of vsnprintf()... Yes.

=== ztest21151.c ===
#define ZLIB_INTERNAL __attribute__((visibility ("hidden")))
int ZLIB_INTERNAL foo;
int main()
{
  return 0;
}
===
gcc -c -O3 -D_LARGEFILE64_SOURCE=1 ztest21151.c
Checking for attribute(visibility) support... Yes.

=== ztest21151.c ===
#include <stdio.h>
#define is32(n,t) for(n=1,k=0;n;n<<=1,k++);if(k==32){puts(t);return 0;}
int main() {
  int k;
  unsigned i;
  unsigned long l;
  unsigned short s;
  is32(i, "unsigned")
  is32(l, "unsigned long")
  is32(s, "unsigned short")
  return 1;
}
===
gcc -O3 -D_LARGEFILE64_SOURCE=1 -DHAVE_HIDDEN ztest21151.c -o ztest21151
Looking for a four-byte integer type... Found.

ALL = static all64
AR = ar
ARFLAGS = rc
CC = gcc
CFLAGS = -O3 -D_LARGEFILE64_SOURCE=1 -DHAVE_HIDDEN
CPP = gcc -E
EXE =
LDCONFIG = ldconfig
LDFLAGS =
LDSHARED = gcc
LDSHAREDLIBC = -lc
OBJC = $(OBJZ) $(OBJG)
PIC_OBJC = $(PIC_OBJZ) $(PIC_OBJG)
RANLIB = ranlib
SFLAGS = -O3 -fPIC -D_LARGEFILE64_SOURCE=1 -DHAVE_HIDDEN
SHAREDLIB =
SHAREDLIBM =
SHAREDLIBV =
STATICLIB = libz.a
TEST = all teststatic test64
VER = 1.2.7.1-motley
Z_U4 = unsigned
exec_prefix = ${prefix}
includedir = ${prefix}/include
libdir = ${exec_prefix}/lib
mandir = ${prefix}/share/man
prefix = /usr/local
sharedlibdir = ${libdir}
uname = Linux
--------------------


--------------------
./configure
2013年 07月 02日 星期二 17:02:38 CST
Checking for gcc...
=== ztest21809.c ===
extern int getchar();
int hello() {return getchar();}
===
gcc -c ztest21809.c
... using gcc

Checking for obsessive-compulsive compiler options...
=== ztest21809.c ===
int foo() { return 0; }
===
gcc -c -O3 ztest21809.c

Checking for shared library support...
=== ztest21809.c ===
extern int getchar();
int hello() {return getchar();}
===
gcc -w -c -O3 -fPIC ztest21809.c
gcc -shared -Wl,-soname,libz.so.1,--version-script,zlib.map -O3 -fPIC -o ztest21809.so ztest21809.o
/usr/bin/ld: unable to find version dependency `ZLIB_1.2.7'
collect2: 错误： ld 返回 1
(exit code 1)
No shared library support.
Building static library libz.a version 1.2.7.1-motley with gcc.

=== ztest21809.c ===
#include <sys/types.h>
off64_t dummy = 0;
===
gcc -c -O3 -D_LARGEFILE64_SOURCE=1 ztest21809.c
Checking for off64_t... Yes.
Checking for fseeko... Yes.

=== ztest21809.c ===
#include <string.h>
#include <errno.h>
int main() { return strlen(strerror(errno)); }
===
gcc -O3 -D_LARGEFILE64_SOURCE=1 -o ztest21809 ztest21809.c
Checking for strerror... Yes.

=== ztest21809.c ===
#include <unistd.h>
int main() { return 0; }
===
gcc -c -O3 -D_LARGEFILE64_SOURCE=1 ztest21809.c
Checking for unistd.h... Yes.

=== ztest21809.c ===
#include <stdarg.h>
int main() { return 0; }
===
gcc -c -O3 -D_LARGEFILE64_SOURCE=1 ztest21809.c
Checking for stdarg.h... Yes.

=== ztest21809.c ===
#include <stdio.h>
#include <stdarg.h>
#include "zconf.h"
int main()
{
#ifndef STDC
  choke me
#endif
  return 0;
}
===
gcc -c -O3 -D_LARGEFILE64_SOURCE=1 ztest21809.c
Checking whether to use vs[n]printf() or s[n]printf()... using vs[n]printf().

=== ztest21809.c ===
#include <stdio.h>
#include <stdarg.h>
int mytest(const char *fmt, ...)
{
  char buf[20];
  va_list ap;
  va_start(ap, fmt);
  vsnprintf(buf, sizeof(buf), fmt, ap);
  va_end(ap);
  return 0;
}
int main()
{
  return (mytest("Hello%d\n", 1));
}
===
gcc -O3 -D_LARGEFILE64_SOURCE=1 -o ztest21809 ztest21809.c
Checking for vsnprintf() in stdio.h... Yes.

=== ztest21809.c ===
#include <stdio.h>
#include <stdarg.h>
int mytest(const char *fmt, ...)
{
  int n;
  char buf[20];
  va_list ap;
  va_start(ap, fmt);
  n = vsnprintf(buf, sizeof(buf), fmt, ap);
  va_end(ap);
  return n;
}
int main()
{
  return (mytest("Hello%d\n", 1));
}
===
gcc -c -O3 -D_LARGEFILE64_SOURCE=1 ztest21809.c
Checking for return value of vsnprintf()... Yes.

=== ztest21809.c ===
#define ZLIB_INTERNAL __attribute__((visibility ("hidden")))
int ZLIB_INTERNAL foo;
int main()
{
  return 0;
}
===
gcc -c -O3 -D_LARGEFILE64_SOURCE=1 ztest21809.c
Checking for attribute(visibility) support... Yes.

=== ztest21809.c ===
#include <stdio.h>
#define is32(n,t) for(n=1,k=0;n;n<<=1,k++);if(k==32){puts(t);return 0;}
int main() {
  int k;
  unsigned i;
  unsigned long l;
  unsigned short s;
  is32(i, "unsigned")
  is32(l, "unsigned long")
  is32(s, "unsigned short")
  return 1;
}
===
gcc -O3 -D_LARGEFILE64_SOURCE=1 -DHAVE_HIDDEN ztest21809.c -o ztest21809
Looking for a four-byte integer type... Found.

ALL = static all64
AR = ar
ARFLAGS = rc
CC = gcc
CFLAGS = -O3 -D_LARGEFILE64_SOURCE=1 -DHAVE_HIDDEN
CPP = gcc -E
EXE =
LDCONFIG = ldconfig
LDFLAGS =
LDSHARED = gcc
LDSHAREDLIBC = -lc
OBJC = $(OBJZ) $(OBJG)
PIC_OBJC = $(PIC_OBJZ) $(PIC_OBJG)
RANLIB = ranlib
SFLAGS = -O3 -fPIC -D_LARGEFILE64_SOURCE=1 -DHAVE_HIDDEN
SHAREDLIB =
SHAREDLIBM =
SHAREDLIBV =
STATICLIB = libz.a
TEST = all teststatic test64
VER = 1.2.7.1-motley
Z_U4 = unsigned
exec_prefix = ${prefix}
includedir = ${prefix}/include
libdir = ${exec_prefix}/lib
mandir = ${prefix}/share/man
prefix = /usr/local
sharedlibdir = ${libdir}
uname = Linux
--------------------


